<?xml version="1.0" encoding="UTF-8"?>
<!-- Generated by org.testng.reporters.JUnitReportReporter -->
<testsuite hostname="DESKTOP-OM2QHAP" name="com.inetBanking.testCases.TC_LoginTest_001" tests="1" failures="0" timestamp="7 Jul 2020 10:28:22 GMT" time="6.734" errors="0">
  <testcase name="loginTest" time="6.734" classname="com.inetBanking.testCases.TC_LoginTest_001"/>
</testsuite> <!-- com.inetBanking.testCases.TC_LoginTest_001 -->
