<?xml version="1.0" encoding="UTF-8"?>
<!-- Generated by org.testng.reporters.JUnitReportReporter -->
<testsuite hostname="DESKTOP-OM2QHAP" name="com.inetBanking.testCases.TC_LoginTest_001" tests="1" failures="0" timestamp="8 Jul 2020 06:37:27 GMT" time="20.581" errors="0">
  <testcase name="loginTest" time="20.581" classname="com.inetBanking.testCases.TC_LoginTest_001"/>
</testsuite> <!-- com.inetBanking.testCases.TC_LoginTest_001 -->
