<?xml version="1.0" encoding="UTF-8"?>
<!-- Generated by org.testng.reporters.JUnitReportReporter -->
<testsuite hostname="DESKTOP-OM2QHAP" name="com.inetBanking.testCases.TC_LoginTest_001" tests="1" failures="0" timestamp="7 Jul 2020 11:33:48 GMT" time="9.725" errors="0">
  <testcase name="loginTest" time="9.725" classname="com.inetBanking.testCases.TC_LoginTest_001"/>
</testsuite> <!-- com.inetBanking.testCases.TC_LoginTest_001 -->
